<?xml version="1.0" encoding="UTF-8"?>
<robot generator="Robot 7.1.1 (Python 3.10.12 on linux)" generated="2024-11-18T20:10:22.289140" rpa="false" schemaversion="5">
<suite id="s1" name="Tests" source="/home/kirruusa/webcounter/src/tests">
<suite id="s1-s1" name="Increment" source="/home/kirruusa/webcounter/src/tests/increment.robot">
<kw name="Open And Configure Browser" owner="resource" type="SETUP">
<if>
<branch type="IF" condition="$BROWSER == 'chrome'">
<kw name="Evaluate" owner="BuiltIn">
<msg time="2024-11-18T20:10:22.385429" level="INFO">${options} = &lt;selenium.webdriver.chrome.options.Options object at 0x7ad3cd5116f0&gt;</msg>
<var>${options}</var>
<arg>sys.modules['selenium.webdriver'].ChromeOptions()</arg>
<arg>sys</arg>
<doc>Evaluates the given expression in Python and returns the result.</doc>
<status status="PASS" start="2024-11-18T20:10:22.385203" elapsed="0.000257"/>
</kw>
<status status="PASS" start="2024-11-18T20:10:22.382968" elapsed="0.002546"/>
</branch>
<branch type="ELSE IF" condition="$BROWSER == 'firefox'">
<kw name="Evaluate" owner="BuiltIn">
<var>${options}</var>
<arg>sys.modules['selenium.webdriver'].FirefoxOptions()</arg>
<arg>sys</arg>
<doc>Evaluates the given expression in Python and returns the result.</doc>
<status status="NOT RUN" start="2024-11-18T20:10:22.385626" elapsed="0.000021"/>
</kw>
<status status="NOT RUN" start="2024-11-18T20:10:22.385546" elapsed="0.000135"/>
</branch>
<status status="PASS" start="2024-11-18T20:10:22.382949" elapsed="0.002753"/>
</if>
<if>
<branch type="IF" condition="$HEADLESS == 'true'">
<kw name="Set Selenium Speed" owner="SeleniumLibrary">
<arg>0</arg>
<doc>Sets the delay that is waited after each Selenium command.</doc>
<status status="PASS" start="2024-11-18T20:10:22.385869" elapsed="0.000135"/>
</kw>
<kw name="Call Method" owner="BuiltIn">
<arg>${options}</arg>
<arg>add_argument</arg>
<arg>--headless</arg>
<doc>Calls the named method of the given object with the provided arguments.</doc>
<status status="PASS" start="2024-11-18T20:10:22.386107" elapsed="0.000119"/>
</kw>
<status status="PASS" start="2024-11-18T20:10:22.385742" elapsed="0.000520"/>
</branch>
<branch type="ELSE">
<kw name="Set Selenium Speed" owner="SeleniumLibrary">
<arg>${DELAY}</arg>
<doc>Sets the delay that is waited after each Selenium command.</doc>
<status status="NOT RUN" start="2024-11-18T20:10:22.386349" elapsed="0.000018"/>
</kw>
<status status="NOT RUN" start="2024-11-18T20:10:22.386287" elapsed="0.000107"/>
</branch>
<status status="PASS" start="2024-11-18T20:10:22.385731" elapsed="0.000683"/>
</if>
<kw name="Open Browser" owner="SeleniumLibrary">
<msg time="2024-11-18T20:10:22.386655" level="INFO">Opening browser 'chrome' to base url 'None'.</msg>
<arg>browser=${BROWSER}</arg>
<arg>options=${options}</arg>
<doc>Opens a new browser instance to the optional ``url``.</doc>
<status status="PASS" start="2024-11-18T20:10:22.386477" elapsed="0.218457"/>
</kw>
<status status="PASS" start="2024-11-18T20:10:22.382779" elapsed="0.222276"/>
</kw>
<test id="s1-s1-t1" name="At start the counter is zero" line="7">
<kw name="Go To" owner="SeleniumLibrary">
<msg time="2024-11-18T20:10:22.605694" level="INFO">Opening url 'http://localhost:5001'</msg>
<arg>${HOME_URL}</arg>
<doc>Navigates the current browser window to the provided ``url``.</doc>
<status status="PASS" start="2024-11-18T20:10:22.605526" elapsed="0.028301"/>
</kw>
<kw name="Title Should Be" owner="SeleniumLibrary">
<msg time="2024-11-18T20:10:22.638062" level="INFO">Page title is 'Laskuri'.</msg>
<arg>Laskuri</arg>
<doc>Verifies that the current page title equals ``title``.</doc>
<status status="PASS" start="2024-11-18T20:10:22.634286" elapsed="0.003872"/>
</kw>
<kw name="Page Should Contain" owner="SeleniumLibrary">
<msg time="2024-11-18T20:10:22.648122" level="INFO">Current page contains text 'nappia painettu 0 kertaa'.</msg>
<arg>nappia painettu 0 kertaa</arg>
<doc>Verifies that current page contains ``text``.</doc>
<status status="PASS" start="2024-11-18T20:10:22.638376" elapsed="0.009852"/>
</kw>
<status status="PASS" start="2024-11-18T20:10:22.605145" elapsed="0.043296"/>
</test>
<test id="s1-s1-t2" name="When button pressed twice the counter is two" line="12">
<kw name="Go To" owner="SeleniumLibrary">
<msg time="2024-11-18T20:10:22.649131" level="INFO">Opening url 'http://localhost:5001'</msg>
<arg>${HOME_URL}</arg>
<doc>Navigates the current browser window to the provided ``url``.</doc>
<status status="PASS" start="2024-11-18T20:10:22.648960" elapsed="0.009013"/>
</kw>
<kw name="Click Button" owner="SeleniumLibrary">
<msg time="2024-11-18T20:10:22.658528" level="INFO">Clicking button 'Paina'.</msg>
<arg>Paina</arg>
<doc>Clicks the button identified by ``locator``.</doc>
<status status="PASS" start="2024-11-18T20:10:22.658234" elapsed="0.055620"/>
</kw>
<kw name="Click Button" owner="SeleniumLibrary">
<msg time="2024-11-18T20:10:22.714366" level="INFO">Clicking button 'Paina'.</msg>
<arg>Paina</arg>
<doc>Clicks the button identified by ``locator``.</doc>
<status status="PASS" start="2024-11-18T20:10:22.714151" elapsed="0.043625"/>
</kw>
<kw name="Page Should Contain" owner="SeleniumLibrary">
<msg time="2024-11-18T20:10:22.769042" level="INFO">Current page contains text 'nappia painettu 2 kertaa'.</msg>
<arg>nappia painettu 2 kertaa</arg>
<doc>Verifies that current page contains ``text``.</doc>
<status status="PASS" start="2024-11-18T20:10:22.758038" elapsed="0.011107"/>
</kw>
<status status="PASS" start="2024-11-18T20:10:22.648658" elapsed="0.120691"/>
</test>
<kw name="Close Browser" owner="resource" type="TEARDOWN">
<kw name="Close All Browsers" owner="SeleniumLibrary">
<doc>Closes all open browsers and resets the browser cache.</doc>
<status status="PASS" start="2024-11-18T20:10:22.770029" elapsed="0.065592"/>
</kw>
<status status="PASS" start="2024-11-18T20:10:22.769822" elapsed="0.065945"/>
</kw>
<status status="PASS" start="2024-11-18T20:10:22.302468" elapsed="0.533352"/>
</suite>
<suite id="s1-s2" name="Reset" source="/home/kirruusa/webcounter/src/tests/reset.robot">
<kw name="Open And Configure Browser" owner="resource" type="SETUP">
<if>
<branch type="IF" condition="$BROWSER == 'chrome'">
<kw name="Evaluate" owner="BuiltIn">
<msg time="2024-11-18T20:10:22.840444" level="INFO">${options} = &lt;selenium.webdriver.chrome.options.Options object at 0x7ad3cd3a57b0&gt;</msg>
<var>${options}</var>
<arg>sys.modules['selenium.webdriver'].ChromeOptions()</arg>
<arg>sys</arg>
<doc>Evaluates the given expression in Python and returns the result.</doc>
<status status="PASS" start="2024-11-18T20:10:22.840068" elapsed="0.000435"/>
</kw>
<status status="PASS" start="2024-11-18T20:10:22.839695" elapsed="0.000926"/>
</branch>
<branch type="ELSE IF" condition="$BROWSER == 'firefox'">
<kw name="Evaluate" owner="BuiltIn">
<var>${options}</var>
<arg>sys.modules['selenium.webdriver'].FirefoxOptions()</arg>
<arg>sys</arg>
<doc>Evaluates the given expression in Python and returns the result.</doc>
<status status="NOT RUN" start="2024-11-18T20:10:22.840903" elapsed="0.000050"/>
</kw>
<status status="NOT RUN" start="2024-11-18T20:10:22.840701" elapsed="0.000358"/>
</branch>
<status status="PASS" start="2024-11-18T20:10:22.839666" elapsed="0.001456"/>
</if>
<if>
<branch type="IF" condition="$HEADLESS == 'true'">
<kw name="Set Selenium Speed" owner="SeleniumLibrary">
<arg>0</arg>
<doc>Sets the delay that is waited after each Selenium command.</doc>
<status status="PASS" start="2024-11-18T20:10:22.841559" elapsed="0.000308"/>
</kw>
<kw name="Call Method" owner="BuiltIn">
<arg>${options}</arg>
<arg>add_argument</arg>
<arg>--headless</arg>
<doc>Calls the named method of the given object with the provided arguments.</doc>
<status status="PASS" start="2024-11-18T20:10:22.842096" elapsed="0.000285"/>
</kw>
<status status="PASS" start="2024-11-18T20:10:22.841221" elapsed="0.001266"/>
</branch>
<branch type="ELSE">
<kw name="Set Selenium Speed" owner="SeleniumLibrary">
<arg>${DELAY}</arg>
<doc>Sets the delay that is waited after each Selenium command.</doc>
<status status="NOT RUN" start="2024-11-18T20:10:22.842739" elapsed="0.000051"/>
</kw>
<status status="NOT RUN" start="2024-11-18T20:10:22.842556" elapsed="0.000312"/>
</branch>
<status status="PASS" start="2024-11-18T20:10:22.841193" elapsed="0.001838"/>
</if>
<kw name="Open Browser" owner="SeleniumLibrary">
<msg time="2024-11-18T20:10:22.843703" level="INFO">Opening browser 'chrome' to base url 'None'.</msg>
<arg>browser=${BROWSER}</arg>
<arg>options=${options}</arg>
<doc>Opens a new browser instance to the optional ``url``.</doc>
<status status="PASS" start="2024-11-18T20:10:22.843245" elapsed="0.222268"/>
</kw>
<status status="PASS" start="2024-11-18T20:10:22.839436" elapsed="0.226213"/>
</kw>
<test id="s1-s2-t1" name="When counter has a nonzero value and it is reset the value becomes zero" line="7">
<kw name="Go To" owner="SeleniumLibrary">
<msg time="2024-11-18T20:10:23.066346" level="INFO">Opening url 'http://localhost:5001'</msg>
<arg>${HOME_URL}</arg>
<doc>Navigates the current browser window to the provided ``url``.</doc>
<status status="PASS" start="2024-11-18T20:10:23.066171" elapsed="0.039782"/>
</kw>
<kw name="Click Button" owner="SeleniumLibrary">
<msg time="2024-11-18T20:10:23.106637" level="INFO">Clicking button 'Paina'.</msg>
<arg>Paina</arg>
<doc>Clicks the button identified by ``locator``.</doc>
<status status="PASS" start="2024-11-18T20:10:23.106307" elapsed="0.057590"/>
</kw>
<kw name="Click Button" owner="SeleniumLibrary">
<msg time="2024-11-18T20:10:23.164416" level="INFO">Clicking button 'Paina'.</msg>
<arg>Paina</arg>
<doc>Clicks the button identified by ``locator``.</doc>
<status status="PASS" start="2024-11-18T20:10:23.164197" elapsed="0.045074"/>
</kw>
<kw name="Page Should Contain" owner="SeleniumLibrary">
<msg time="2024-11-18T20:10:23.221653" level="INFO">Current page contains text 'nappia painettu'.</msg>
<arg>nappia painettu</arg>
<doc>Verifies that current page contains ``text``.</doc>
<status status="PASS" start="2024-11-18T20:10:23.209625" elapsed="0.012133"/>
</kw>
<kw name="Click Button" owner="SeleniumLibrary">
<msg time="2024-11-18T20:10:23.222176" level="INFO">Clicking button 'Nollaa'.</msg>
<arg>Nollaa</arg>
<doc>Clicks the button identified by ``locator``.</doc>
<status status="PASS" start="2024-11-18T20:10:23.221984" elapsed="0.046657"/>
</kw>
<kw name="Page Should Contain" owner="SeleniumLibrary">
<msg time="2024-11-18T20:10:23.280383" level="INFO">Current page contains text 'nappia painettu 0 kertaa'.</msg>
<arg>nappia painettu 0 kertaa</arg>
<doc>Verifies that current page contains ``text``.</doc>
<status status="PASS" start="2024-11-18T20:10:23.269005" elapsed="0.011502"/>
</kw>
<status status="PASS" start="2024-11-18T20:10:23.065735" elapsed="0.215061"/>
</test>
<kw name="Close Browser" owner="SeleniumLibrary" type="TEARDOWN">
<doc>Closes the current browser.</doc>
<status status="PASS" start="2024-11-18T20:10:23.281229" elapsed="0.065569"/>
</kw>
<status status="PASS" start="2024-11-18T20:10:22.836518" elapsed="0.510397"/>
</suite>
<status status="PASS" start="2024-11-18T20:10:22.289819" elapsed="1.057876"/>
</suite>
<statistics>
<total>
<stat pass="3" fail="0" skip="0">All Tests</stat>
</total>
<tag>
</tag>
<suite>
<stat pass="3" fail="0" skip="0" id="s1" name="Tests">Tests</stat>
<stat pass="2" fail="0" skip="0" id="s1-s1" name="Increment">Tests.Increment</stat>
<stat pass="1" fail="0" skip="0" id="s1-s2" name="Reset">Tests.Reset</stat>
</suite>
</statistics>
<errors>
</errors>
</robot>
